<?xml version="1.0" encoding="UTF-8"?>
<testng-results ignored="0" total="1" passed="1" failed="0" skipped="0">
  <reporter-output>
  </reporter-output>
  <suite started-at="2023-03-17T00:33:06 IST" name="OpenCartSuite" finished-at="2023-03-17T00:33:14 IST" duration-ms="7744">
    <groups>
    </groups>
    <test started-at="2023-03-17T00:33:06 IST" name="OpenCardTest" finished-at="2023-03-17T00:33:14 IST" duration-ms="7744">
      <class name="testCases.TC_001_AccountRegistrationTest">
        <test-method is-config="true" signature="setup(java.lang.String)[pri:0, instance:testCases.TC_001_AccountRegistrationTest@72d1ad2e]" started-at="2023-03-17T00:33:07 IST" name="setup" finished-at="2023-03-17T00:33:13 IST" duration-ms="6463" status="PASS">
          <params>
            <param index="0">
              <value>
                <![CDATA[chrome]]>
              </value>
            </param>
          </params>
          <reporter-output>
          </reporter-output>
        </test-method> <!-- setup -->
        <test-method signature="test_account_Registration()[pri:0, instance:testCases.TC_001_AccountRegistrationTest@72d1ad2e]" started-at="2023-03-17T00:33:13 IST" name="test_account_Registration" finished-at="2023-03-17T00:33:14 IST" duration-ms="967" status="PASS">
          <reporter-output>
          </reporter-output>
        </test-method> <!-- test_account_Registration -->
        <test-method is-config="true" signature="tearDown()[pri:0, instance:testCases.TC_001_AccountRegistrationTest@72d1ad2e]" started-at="2023-03-17T00:33:14 IST" name="tearDown" finished-at="2023-03-17T00:33:14 IST" duration-ms="116" status="PASS">
          <reporter-output>
          </reporter-output>
        </test-method> <!-- tearDown -->
      </class> <!-- testCases.TC_001_AccountRegistrationTest -->
    </test> <!-- OpenCardTest -->
  </suite> <!-- OpenCartSuite -->
</testng-results>
